This is pdfTeX, Version 3.141592653-2.6-1.40.24 (TeX Live 2022/Debian) (preloaded format=pdflatex 2024.5.23)  26 MAY 2024 11:46
entering extended mode
 restricted \write18 enabled.
 %&-line parsing enabled.
**tex/main.tex
(./tex/main.tex
LaTeX2e <2022-11-01> patch level 1
L3 programming layer <2023-01-16>
(/usr/share/texlive/texmf-dist/tex/latex/base/article.cls
Document Class: article 2022/07/02 v1.4n Standard LaTeX document class
(/usr/share/texlive/texmf-dist/tex/latex/base/size10.clo
File: size10.clo 2022/07/02 v1.4n Standard LaTeX file (size option)
)
\c@part=\count185
\c@section=\count186
\c@subsection=\count187
\c@subsubsection=\count188
\c@paragraph=\count189
\c@subparagraph=\count190
\c@figure=\count191
\c@table=\count192
\abovecaptionskip=\skip48
\belowcaptionskip=\skip49
\bibindent=\dimen140
)
! I can't find file `main.aux'.
\enddocument ...keatletter \@@input \jobname .aux 
                                                  \fi \UseOneTimeHook {enddo...
l.5 \end{document}
                  
(Press Enter to retry, or Control-D to exit)
Please type another input file name
! Emergency stop.
\enddocument ...keatletter \@@input \jobname .aux 
                                                  \fi \UseOneTimeHook {enddo...
l.5 \end{document}
                  
*** (job aborted, file error in nonstop mode)

 
Here is how much of TeX's memory you used:
 229 strings out of 476091
 2887 string characters out of 5794081
 1849330 words of memory out of 5000000
 20702 multiletter control sequences out of 15000+600000
 512287 words of font info for 32 fonts, out of 8000000 for 9000
 1141 hyphenation exceptions out of 8191
 34i,0n,38p,141b,36s stack positions out of 10000i,1000n,20000p,200000b,200000s
!  ==> Fatal error occurred, no output PDF file produced!
